<?xml version="1.0" encoding="utf-8"?><testsuites name="pytest tests"><testsuite name="pytest" errors="0" failures="0" skipped="0" tests="12" time="22.718" timestamp="2026-03-11T06:57:21.971670+00:00" hostname="agent-env-70e5f553-1782-488f-8f44-373a707375c7"><testcase classname="backend.tests.test_ai_prediction_v2.TestAIPredictionNewFeatures" name="test_api_health" time="0.138" /><testcase classname="backend.tests.test_ai_prediction_v2.TestAIPredictionNewFeatures" name="test_ai_prediction_accepts_indicators" time="1.920" /><testcase classname="backend.tests.test_ai_prediction_v2.TestAIPredictionNewFeatures" name="test_ai_prediction_executive_summary" time="1.550" /><testcase classname="backend.tests.test_ai_prediction_v2.TestAIPredictionNewFeatures" name="test_ai_prediction_market_structure_analysis" time="1.528" /><testcase classname="backend.tests.test_ai_prediction_v2.TestAIPredictionNewFeatures" name="test_ai_prediction_technical_deep_dive" time="1.507" /><testcase classname="backend.tests.test_ai_prediction_v2.TestAIPredictionNewFeatures" name="test_ai_prediction_scenario_probability_100" time="1.525" /><testcase classname="backend.tests.test_ai_prediction_v2.TestAIPredictionNewFeatures" name="test_ai_prediction_risk_assessment_idiosyncratic" time="1.501" /><testcase classname="backend.tests.test_ai_prediction_v2.TestAIPredictionNewFeatures" name="test_ai_prediction_time_segmented_forecast" time="1.471" /><testcase classname="backend.tests.test_ai_prediction_v2.TestAIPredictionNewFeatures" name="test_ai_prediction_professional_narrative" time="1.496" /><testcase classname="backend.tests.test_ai_prediction_v2.TestAIPredictionNewFeatures" name="test_different_markets" time="9.205" /><testcase classname="backend.tests.test_ai_prediction_v2.TestStockDetailWithIndicators" name="test_stock_detail_returns_historical_data" time="0.436" /><testcase classname="backend.tests.test_ai_prediction_v2.TestStockDetailWithIndicators" name="test_stock_detail_a_stock" time="0.323" /></testsuite></testsuites>