<?xml version="1.0" encoding="utf-8"?><testsuites name="pytest tests"><testsuite name="pytest" errors="0" failures="0" skipped="0" tests="16" time="1.096" timestamp="2026-03-11T09:04:06.111705+00:00" hostname="agent-env-fc569ef7-bca9-4fdd-bd62-fc6fe28b1a75"><testcase classname="backend.tests.test_tianji_api.TestTianjiTodayAPI" name="test_get_today_tianji_basic" time="0.186" /><testcase classname="backend.tests.test_tianji_api.TestTianjiTodayAPI" name="test_today_tianji_wuxing_strength" time="0.059" /><testcase classname="backend.tests.test_tianji_api.TestTianjiTodayAPI" name="test_today_tianji_caishen_direction" time="0.047" /><testcase classname="backend.tests.test_tianji_api.TestTianjiTodayAPI" name="test_today_tianji_shichen_ranking" time="0.049" /><testcase classname="backend.tests.test_tianji_api.TestTianjiTodayAPI" name="test_today_tianji_recommendations" time="0.048" /><testcase classname="backend.tests.test_tianji_api.TestTianjiPersonalized" name="test_tianji_with_user_id" time="0.103" /><testcase classname="backend.tests.test_tianji_api.TestTianjiByDate" name="test_tianji_specific_date" time="0.050" /><testcase classname="backend.tests.test_tianji_api.TestTianjiByDate" name="test_tianji_benchi_junma_date" time="0.052" /><testcase classname="backend.tests.test_tianji_api.TestTianjiByDate" name="test_tianji_boxing_zhima_date" time="0.050" /><testcase classname="backend.tests.test_tianji_api.TestTianjiByDate" name="test_tianji_invalid_date_format" time="0.052" /><testcase classname="backend.tests.test_tianji_api.TestTianjiCalendar" name="test_calendar_march_2026" time="0.051" /><testcase classname="backend.tests.test_tianji_api.TestTianjiCalendar" name="test_calendar_special_days" time="0.049" /><testcase classname="backend.tests.test_tianji_api.TestTianjiCalendar" name="test_calendar_invalid_month" time="0.052" /><testcase classname="backend.tests.test_tianji_api.TestTianjiDayPillarCalculation" name="test_2026_03_11_is_jiachen" time="0.054" /><testcase classname="backend.tests.test_tianji_api.TestTianjiDayPillarCalculation" name="test_best_shichen_for_jia_day" time="0.048" /><testcase classname="backend.tests.test_tianji_api.TestTianjiDayPillarCalculation" name="test_caishen_for_jia_day" time="0.046" /></testsuite></testsuites>