<?xml version="1.0" encoding="utf-8"?><testsuites name="pytest tests"><testsuite name="pytest" errors="0" failures="0" skipped="0" tests="14" time="1.869" timestamp="2026-03-11T08:40:10.281959+00:00" hostname="agent-env-fc569ef7-bca9-4fdd-bd62-fc6fe28b1a75"><testcase classname="tests.test_bazi_auth_api.TestBaziProvinceAndCity" name="test_get_provinces" time="0.148" /><testcase classname="tests.test_bazi_auth_api.TestBaziProvinceAndCity" name="test_get_cities_for_beijing" time="0.093" /><testcase classname="tests.test_bazi_auth_api.TestBaziProvinceAndCity" name="test_get_cities_for_guangdong" time="0.106" /><testcase classname="tests.test_bazi_auth_api.TestBaziProvinceAndCity" name="test_get_cities_for_nonexistent_province" time="0.099" /><testcase classname="tests.test_bazi_auth_api.TestShichenOptions" name="test_get_shichen_options" time="0.107" /><testcase classname="tests.test_bazi_auth_api.TestBaziCalculation" name="test_calculate_bazi_with_hour" time="0.100" /><testcase classname="tests.test_bazi_auth_api.TestBaziCalculation" name="test_calculate_bazi_without_hour" time="0.138" /><testcase classname="tests.test_bazi_auth_api.TestUserRegistration" name="test_register_new_user" time="0.108" /><testcase classname="tests.test_bazi_auth_api.TestUserRegistration" name="test_register_duplicate_username" time="0.196" /><testcase classname="tests.test_bazi_auth_api.TestUserLogin" name="test_login_success" time="0.203" /><testcase classname="tests.test_bazi_auth_api.TestUserLogin" name="test_login_wrong_password" time="0.215" /><testcase classname="tests.test_bazi_auth_api.TestUserLogin" name="test_login_nonexistent_user" time="0.098" /><testcase classname="tests.test_bazi_auth_api.TestExistingTestUser" name="test_login_existing_user_zhangsan" time="0.105" /><testcase classname="tests.test_bazi_auth_api.TestBaziDataIntegrity" name="test_specific_date_1990_may_15_beijing" time="0.098" /></testsuite></testsuites>