<?xml version="1.0" encoding="utf-8"?><testsuites name="pytest tests"><testsuite name="pytest" errors="0" failures="0" skipped="0" tests="20" time="11.831" timestamp="2026-03-11T06:31:56.685001+00:00" hostname="agent-env-70e5f553-1782-488f-8f44-373a707375c7"><testcase classname="backend.tests.test_market_api.TestHealthAndRoot" name="test_api_root" time="0.153" /><testcase classname="backend.tests.test_market_api.TestHealthAndRoot" name="test_markets_list" time="0.106" /><testcase classname="backend.tests.test_market_api.TestUSStockMarket" name="test_us_stock_market_endpoint" time="0.632" /><testcase classname="backend.tests.test_market_api.TestUSStockMarket" name="test_aapl_stock_detail" time="0.193" /><testcase classname="backend.tests.test_market_api.TestUSStockMarket" name="test_msft_stock_detail" time="0.155" /><testcase classname="backend.tests.test_market_api.TestSearchFunctionality" name="test_search_aapl" time="0.104" /><testcase classname="backend.tests.test_market_api.TestSearchFunctionality" name="test_search_chinese_name" time="0.110" /><testcase classname="backend.tests.test_market_api.TestSearchFunctionality" name="test_empty_search_returns_empty_array" time="0.169" /><testcase classname="backend.tests.test_market_api.TestSearchFunctionality" name="test_whitespace_only_search" time="0.095" /><testcase classname="backend.tests.test_market_api.TestSearchFunctionality" name="test_search_partial_match" time="0.115" /><testcase classname="backend.tests.test_market_api.TestMarketOverview" name="test_overview_returns_gainers_losers" time="3.107" /><testcase classname="backend.tests.test_market_api.TestOtherMarkets" name="test_a_stock_market" time="0.491" /><testcase classname="backend.tests.test_market_api.TestOtherMarkets" name="test_hk_stock_market" time="0.604" /><testcase classname="backend.tests.test_market_api.TestOtherMarkets" name="test_futures_market" time="0.489" /><testcase classname="backend.tests.test_market_api.TestOtherMarkets" name="test_forex_market" time="0.576" /><testcase classname="backend.tests.test_market_api.TestAIPrediction" name="test_ai_prediction_for_us_stock" time="1.774" /><testcase classname="backend.tests.test_market_api.TestAIPrediction" name="test_ai_prediction_response_structure" time="1.232" /><testcase classname="backend.tests.test_market_api.TestDivinationPrediction" name="test_divination_prediction" time="1.258" /><testcase classname="backend.tests.test_market_api.TestStockDetail" name="test_a_stock_detail" time="0.194" /><testcase classname="backend.tests.test_market_api.TestStockDetail" name="test_hk_stock_detail" time="0.160" /></testsuite></testsuites>